0 verbose cli /usr/bin/node /usr/bin/npm
1 info using npm@10.9.4
2 info using node@v22.22.0
3 silly config load:file:/usr/lib/node_modules/npm/npmrc
4 silly config load:file:/opt/innovooclaw/.npmrc
5 silly config load:file:/home/innovooclaw/.npmrc
6 silly config load:file:/usr/etc/npmrc
7 verbose title npm install
8 verbose argv "install" "--cache" "/opt/innovooclaw/.npm-cache"
9 verbose logfile logs-max:10 dir:/opt/innovooclaw/.npm-cache/_logs/2026-03-22T18_05_21_289Z-
10 verbose logfile /opt/innovooclaw/.npm-cache/_logs/2026-03-22T18_05_21_289Z-debug-0.log
11 silly logfile done cleaning log files
12 silly packumentCache heap:2197815296 maxSize:549453824 maxEntrySize:274726912
13 silly idealTree buildDeps
14 silly reify moves {}
15 silly audit bulk request {
15 silly audit   '@huggingface/jinja': [ '0.2.2' ],
15 silly audit   '@lancedb/lancedb': [ '0.26.2' ],
15 silly audit   '@lancedb/lancedb-darwin-arm64': [ '0.26.2' ],
15 silly audit   '@lancedb/lancedb-linux-arm64-gnu': [ '0.26.2' ],
15 silly audit   '@lancedb/lancedb-linux-arm64-musl': [ '0.26.2' ],
15 silly audit   '@lancedb/lancedb-linux-x64-gnu': [ '0.26.2' ],
15 silly audit   '@lancedb/lancedb-linux-x64-musl': [ '0.26.2' ],
15 silly audit   '@lancedb/lancedb-win32-arm64-msvc': [ '0.26.2' ],
15 silly audit   '@lancedb/lancedb-win32-x64-msvc': [ '0.26.2' ],
15 silly audit   '@napi-rs/canvas': [ '0.1.80' ],
15 silly audit   '@napi-rs/canvas-android-arm64': [ '0.1.80' ],
15 silly audit   '@napi-rs/canvas-darwin-arm64': [ '0.1.80' ],
15 silly audit   '@napi-rs/canvas-darwin-x64': [ '0.1.80' ],
15 silly audit   '@napi-rs/canvas-linux-arm-gnueabihf': [ '0.1.80' ],
15 silly audit   '@napi-rs/canvas-linux-arm64-gnu': [ '0.1.80' ],
15 silly audit   '@napi-rs/canvas-linux-arm64-musl': [ '0.1.80' ],
15 silly audit   '@napi-rs/canvas-linux-riscv64-gnu': [ '0.1.80' ],
15 silly audit   '@napi-rs/canvas-linux-x64-gnu': [ '0.1.80' ],
15 silly audit   '@napi-rs/canvas-linux-x64-musl': [ '0.1.80' ],
15 silly audit   '@napi-rs/canvas-win32-x64-msvc': [ '0.1.80' ],
15 silly audit   '@protobufjs/aspromise': [ '1.1.2' ],
15 silly audit   '@protobufjs/base64': [ '1.1.2' ],
15 silly audit   '@protobufjs/codegen': [ '2.0.4' ],
15 silly audit   '@protobufjs/eventemitter': [ '1.1.0' ],
15 silly audit   '@protobufjs/fetch': [ '1.1.0' ],
15 silly audit   '@protobufjs/float': [ '1.0.2' ],
15 silly audit   '@protobufjs/inquire': [ '1.1.0' ],
15 silly audit   '@protobufjs/path': [ '1.1.2' ],
15 silly audit   '@protobufjs/pool': [ '1.1.0' ],
15 silly audit   '@protobufjs/utf8': [ '1.1.0' ],
15 silly audit   '@swc/helpers': [ '0.5.19' ],
15 silly audit   '@types/command-line-args': [ '5.2.3' ],
15 silly audit   '@types/command-line-usage': [ '5.0.4' ],
15 silly audit   '@types/long': [ '4.0.2' ],
15 silly audit   '@types/node': [ '20.19.37' ],
15 silly audit   '@types/node-forge': [ '1.3.14' ],
15 silly audit   '@xenova/transformers': [ '2.17.2' ],
15 silly audit   'ansi-styles': [ '4.3.0' ],
15 silly audit   'apache-arrow': [ '18.1.0' ],
15 silly audit   'array-back': [ '3.1.0', '6.2.3' ],
15 silly audit   b4a: [ '1.8.0' ],
15 silly audit   'bare-events': [ '2.8.2' ],
15 silly audit   'bare-fs': [ '4.5.6' ],
15 silly audit   'bare-os': [ '3.8.0' ],
15 silly audit   'bare-path': [ '3.0.0' ],
15 silly audit   'bare-stream': [ '2.10.0' ],
15 silly audit   'bare-url': [ '2.4.0' ],
15 silly audit   'base64-js': [ '1.5.1' ],
15 silly audit   bl: [ '4.1.0' ],
15 silly audit   buffer: [ '5.7.1' ],
15 silly audit   chalk: [ '4.1.2' ],
15 silly audit   'chalk-template': [ '0.4.0' ],
15 silly audit   chownr: [ '1.1.4' ],
15 silly audit   color: [ '4.2.3' ],
15 silly audit   'color-convert': [ '2.0.1' ],
15 silly audit   'color-name': [ '1.1.4' ],
15 silly audit   'color-string': [ '1.9.1' ],
15 silly audit   'command-line-args': [ '5.2.1' ],
15 silly audit   'command-line-usage': [ '7.0.4' ],
15 silly audit   typical: [ '7.3.0', '4.0.0' ],
15 silly audit   'decompress-response': [ '6.0.0' ],
15 silly audit   'deep-extend': [ '0.6.0' ],
15 silly audit   'detect-libc': [ '2.1.2' ],
15 silly audit   dotenv: [ '16.6.1' ],
15 silly audit   'end-of-stream': [ '1.4.5' ],
15 silly audit   'events-universal': [ '1.0.1' ],
15 silly audit   'expand-template': [ '2.0.3' ],
15 silly audit   'fast-fifo': [ '1.3.2' ],
15 silly audit   'find-replace': [ '3.0.0' ],
15 silly audit   flatbuffers: [ '24.12.23', '1.12.0' ],
15 silly audit   'fs-constants': [ '1.0.0' ],
15 silly audit   'github-from-package': [ '0.0.0' ],
15 silly audit   'guid-typescript': [ '1.0.9' ],
15 silly audit   'has-flag': [ '4.0.0' ],
15 silly audit   ieee754: [ '1.2.1' ],
15 silly audit   inherits: [ '2.0.4' ],
15 silly audit   ini: [ '1.3.8' ],
15 silly audit   'is-arrayish': [ '0.3.4' ],
15 silly audit   'json-bignum': [ '0.0.3' ],
15 silly audit   'lodash.camelcase': [ '4.3.0' ],
15 silly audit   long: [ '4.0.0' ],
15 silly audit   'mimic-response': [ '3.1.0' ],
15 silly audit   minimist: [ '1.2.8' ],
15 silly audit   'mkdirp-classic': [ '0.5.3' ],
15 silly audit   'napi-build-utils': [ '2.0.0' ],
15 silly audit   'node-abi': [ '3.89.0' ],
15 silly audit   'node-addon-api': [ '6.1.0' ],
15 silly audit   'node-forge': [ '1.3.3' ],
15 silly audit   once: [ '1.4.0' ],
15 silly audit   'onnx-proto': [ '4.0.4' ],
15 silly audit   'onnxruntime-common': [ '1.14.0' ],
15 silly audit   'onnxruntime-node': [ '1.14.0' ],
15 silly audit   'onnxruntime-web': [ '1.14.0' ],
15 silly audit   'pdf-parse': [ '2.4.5' ],
15 silly audit   'pdfjs-dist': [ '5.4.296' ],
15 silly audit   platform: [ '1.3.6' ],
15 silly audit   'prebuild-install': [ '7.1.3' ],
15 silly audit   'tar-fs': [ '2.1.4', '3.1.2' ],
15 silly audit   'tar-stream': [ '2.2.0', '3.1.8' ],
15 silly audit   protobufjs: [ '6.11.4' ],
15 silly audit   pump: [ '3.0.4' ],
15 silly audit   rc: [ '1.2.8' ],
15 silly audit   'readable-stream': [ '3.6.2' ],
15 silly audit   'reflect-metadata': [ '0.2.2' ],
15 silly audit   'safe-buffer': [ '5.2.1' ],
15 silly audit   selfsigned: [ '2.4.1' ],
15 silly audit   semver: [ '7.7.4' ],
15 silly audit   sharp: [ '0.32.6' ],
15 silly audit   'simple-concat': [ '1.0.1' ],
15 silly audit   'simple-get': [ '4.0.1' ],
15 silly audit   'simple-swizzle': [ '0.2.4' ],
15 silly audit   streamx: [ '2.25.0' ],
15 silly audit   string_decoder: [ '1.3.0' ],
15 silly audit   'strip-json-comments': [ '2.0.1' ],
15 silly audit   'supports-color': [ '7.2.0' ],
15 silly audit   'table-layout': [ '4.1.1' ],
15 silly audit   teex: [ '1.0.1' ],
15 silly audit   'text-decoder': [ '1.2.7' ],
15 silly audit   tslib: [ '2.8.1' ],
15 silly audit   'tunnel-agent': [ '0.6.0' ],
15 silly audit   'undici-types': [ '6.21.0' ],
15 silly audit   'util-deprecate': [ '1.0.2' ],
15 silly audit   wordwrapjs: [ '5.1.1' ],
15 silly audit   wrappy: [ '1.0.2' ]
15 silly audit }
16 verbose reify failed optional dependency /opt/innovooclaw/node_modules/@napi-rs/canvas-win32-x64-msvc
17 silly reify mark deleted [ '/opt/innovooclaw/node_modules/@napi-rs/canvas-win32-x64-msvc' ]
18 verbose reify failed optional dependency /opt/innovooclaw/node_modules/@napi-rs/canvas-linux-riscv64-gnu
19 silly reify mark deleted [ '/opt/innovooclaw/node_modules/@napi-rs/canvas-linux-riscv64-gnu' ]
20 verbose reify failed optional dependency /opt/innovooclaw/node_modules/@napi-rs/canvas-linux-arm64-musl
21 silly reify mark deleted [ '/opt/innovooclaw/node_modules/@napi-rs/canvas-linux-arm64-musl' ]
22 verbose reify failed optional dependency /opt/innovooclaw/node_modules/@napi-rs/canvas-linux-arm64-gnu
23 silly reify mark deleted [ '/opt/innovooclaw/node_modules/@napi-rs/canvas-linux-arm64-gnu' ]
24 verbose reify failed optional dependency /opt/innovooclaw/node_modules/@napi-rs/canvas-linux-arm-gnueabihf
25 silly reify mark deleted [ '/opt/innovooclaw/node_modules/@napi-rs/canvas-linux-arm-gnueabihf' ]
26 verbose reify failed optional dependency /opt/innovooclaw/node_modules/@napi-rs/canvas-darwin-x64
27 silly reify mark deleted [ '/opt/innovooclaw/node_modules/@napi-rs/canvas-darwin-x64' ]
28 verbose reify failed optional dependency /opt/innovooclaw/node_modules/@napi-rs/canvas-darwin-arm64
29 silly reify mark deleted [ '/opt/innovooclaw/node_modules/@napi-rs/canvas-darwin-arm64' ]
30 verbose reify failed optional dependency /opt/innovooclaw/node_modules/@napi-rs/canvas-android-arm64
31 silly reify mark deleted [ '/opt/innovooclaw/node_modules/@napi-rs/canvas-android-arm64' ]
32 verbose reify failed optional dependency /opt/innovooclaw/node_modules/@lancedb/lancedb-win32-x64-msvc
33 silly reify mark deleted [ '/opt/innovooclaw/node_modules/@lancedb/lancedb-win32-x64-msvc' ]
34 verbose reify failed optional dependency /opt/innovooclaw/node_modules/@lancedb/lancedb-win32-arm64-msvc
35 silly reify mark deleted [ '/opt/innovooclaw/node_modules/@lancedb/lancedb-win32-arm64-msvc' ]
36 verbose reify failed optional dependency /opt/innovooclaw/node_modules/@lancedb/lancedb-linux-arm64-musl
37 silly reify mark deleted [ '/opt/innovooclaw/node_modules/@lancedb/lancedb-linux-arm64-musl' ]
38 verbose reify failed optional dependency /opt/innovooclaw/node_modules/@lancedb/lancedb-linux-arm64-gnu
39 silly reify mark deleted [ '/opt/innovooclaw/node_modules/@lancedb/lancedb-linux-arm64-gnu' ]
40 verbose reify failed optional dependency /opt/innovooclaw/node_modules/@lancedb/lancedb-darwin-arm64
41 silly reify mark deleted [ '/opt/innovooclaw/node_modules/@lancedb/lancedb-darwin-arm64' ]
42 http fetch POST 200 https://registry.npmjs.org/-/npm/v1/security/advisories/bulk 377ms
43 silly audit report {}
44 silly ADD
45 silly ADD
46 silly ADD
47 silly ADD
48 silly ADD
49 silly ADD
50 silly ADD
51 silly ADD
52 silly ADD
53 silly ADD
54 silly ADD
55 silly ADD
56 silly ADD
57 verbose cwd /opt/innovooclaw
58 verbose os Linux 6.17.0-19-generic
59 verbose node v22.22.0
60 verbose npm  v10.9.4
61 verbose exit 0
62 info ok
